0 info it worked if it ends with ok
1 verbose cli [ '/usr/local/bin/node',
1 verbose cli   '/usr/local/bin/npm',
1 verbose cli   'install',
1 verbose cli   '--save',
1 verbose cli   'bourbon',
1 verbose cli   '--path',
1 verbose cli   '/Users/austincrane/Documents/htdocs/austincrane/austincrane.me/site/wp-content/themes/austincrane-video/sass/' ]
2 info using npm@2.14.7
3 info using node@v4.2.2
4 verbose config Skipping project config: /Users/austincrane/.npmrc. (matches userconfig)
5 verbose install initial load of /Users/austincrane/package.json
6 verbose installManyTop reading scoped package data from /Users/austincrane/node_modules/angular/package.json
7 verbose installManyTop reading scoped package data from /Users/austincrane/node_modules/angular-route/package.json
8 verbose installManyTop reading scoped package data from /Users/austincrane/node_modules/bourbon/package.json
9 verbose installManyTop reading scoped package data from /Users/austincrane/node_modules/gulp/package.json
10 verbose readDependencies loading dependencies from /Users/austincrane/package.json
11 verbose install bourbon is installed as 4.2.6
12 silly cache add args [ 'bourbon', null ]
13 verbose cache add spec bourbon
14 silly cache add args [ '/Users/austincrane/Documents/htdocs/austincrane/austincrane.me/site/wp-content/themes/austincrane-video/sass/',
14 silly cache add   null ]
15 verbose cache add spec /Users/austincrane/Documents/htdocs/austincrane/austincrane.me/site/wp-content/themes/austincrane-video/sass/
16 silly cache add parsed spec Result {
16 silly cache add   raw: 'bourbon',
16 silly cache add   scope: null,
16 silly cache add   name: 'bourbon',
16 silly cache add   rawSpec: '',
16 silly cache add   spec: '*',
16 silly cache add   type: 'range' }
17 silly addNamed bourbon@*
18 verbose addNamed "*" is a valid semver range for bourbon
19 silly addNameRange { name: 'bourbon', range: '*', hasData: false }
20 silly mapToRegistry name bourbon
21 silly mapToRegistry using default registry
22 silly mapToRegistry registry https://registry.npmjs.org/
23 silly mapToRegistry uri https://registry.npmjs.org/bourbon
24 verbose addNameRange registry:https://registry.npmjs.org/bourbon not in flight; fetching
25 silly cache add parsed spec Result {
25 silly cache add   raw: '/Users/austincrane/Documents/htdocs/austincrane/austincrane.me/site/wp-content/themes/austincrane-video/sass/',
25 silly cache add   scope: null,
25 silly cache add   name: null,
25 silly cache add   rawSpec: '/Users/austincrane/Documents/htdocs/austincrane/austincrane.me/site/wp-content/themes/austincrane-video/sass/',
25 silly cache add   spec: '/Users/austincrane/Documents/htdocs/austincrane/austincrane.me/site/wp-content/themes/austincrane-video/sass',
25 silly cache add   type: 'local' }
26 error addLocal Could not install /Users/austincrane/Documents/htdocs/austincrane/austincrane.me/site/wp-content/themes/austincrane-video/sass
27 verbose request uri https://registry.npmjs.org/bourbon
28 verbose request no auth needed
29 info attempt registry request try #1 at 4:19:33 PM
30 verbose request id 625fcfd4d3bb159a
31 verbose etag "9BQ3VGHH05ZXNKQQ4C31DFMM1"
32 http request GET https://registry.npmjs.org/bourbon
33 http 304 https://registry.npmjs.org/bourbon
34 verbose headers { date: 'Wed, 20 Jan 2016 21:19:25 GMT',
34 verbose headers   via: '1.1 varnish',
34 verbose headers   'cache-control': 'max-age=300',
34 verbose headers   etag: '"9BQ3VGHH05ZXNKQQ4C31DFMM1"',
34 verbose headers   age: '111',
34 verbose headers   connection: 'keep-alive',
34 verbose headers   'x-served-by': 'cache-jfk1036-JFK',
34 verbose headers   'x-cache': 'HIT',
34 verbose headers   'x-cache-hits': '1',
34 verbose headers   'x-timer': 'S1453324765.640354,VS0,VE0',
34 verbose headers   vary: 'Accept' }
35 silly get cb [ 304,
35 silly get   { date: 'Wed, 20 Jan 2016 21:19:25 GMT',
35 silly get     via: '1.1 varnish',
35 silly get     'cache-control': 'max-age=300',
35 silly get     etag: '"9BQ3VGHH05ZXNKQQ4C31DFMM1"',
35 silly get     age: '111',
35 silly get     connection: 'keep-alive',
35 silly get     'x-served-by': 'cache-jfk1036-JFK',
35 silly get     'x-cache': 'HIT',
35 silly get     'x-cache-hits': '1',
35 silly get     'x-timer': 'S1453324765.640354,VS0,VE0',
35 silly get     vary: 'Accept' } ]
36 verbose etag https://registry.npmjs.org/bourbon from cache
37 verbose get saving bourbon to /Users/austincrane/.npm/registry.npmjs.org/bourbon/.cache.json
38 silly addNameRange number 2 { name: 'bourbon', range: '*', hasData: true }
39 silly addNameRange versions [ 'bourbon',
39 silly addNameRange   [ '4.1.1',
39 silly addNameRange     '4.2.0-pre',
39 silly addNameRange     '4.2.0-beta',
39 silly addNameRange     '4.2.0',
39 silly addNameRange     '4.2.1',
39 silly addNameRange     '4.2.2',
39 silly addNameRange     '4.2.3',
39 silly addNameRange     '4.2.4',
39 silly addNameRange     '5.0.0-alpha.0',
39 silly addNameRange     '4.2.5',
39 silly addNameRange     '4.2.6' ] ]
40 silly addNamed bourbon@4.2.6
41 verbose addNamed "4.2.6" is a plain semver version for bourbon
42 silly cache afterAdd bourbon@4.2.6
43 verbose afterAdd /Users/austincrane/.npm/bourbon/4.2.6/package/package.json not in flight; writing
44 verbose afterAdd /Users/austincrane/.npm/bourbon/4.2.6/package/package.json written
45 verbose stack Error: EISDIR: illegal operation on a directory, read
45 verbose stack     at Error (native)
46 verbose cwd /Users/austincrane/Documents/htdocs/austincrane/austincrane.me/site/wp-content/themes/austincrane-video
47 error Darwin 14.5.0
48 error argv "/usr/local/bin/node" "/usr/local/bin/npm" "install" "--save" "bourbon" "--path" "/Users/austincrane/Documents/htdocs/austincrane/austincrane.me/site/wp-content/themes/austincrane-video/sass/"
49 error node v4.2.2
50 error npm  v2.14.7
51 error code EISDIR
52 error errno -21
53 error syscall read
54 error eisdir EISDIR: illegal operation on a directory, read
54 error eisdir This is most likely not a problem with npm itself
54 error eisdir and is related to npm not being able to find a package.json in
54 error eisdir a package you are trying to install.
55 verbose exit [ -21, true ]
